<?xml version="1.0" encoding="UTF-8"?>
<!-- Generated by org.testng.reporters.JUnitReportReporter -->
<testsuite hostname="DELLi310GEN" failures="0" tests="1" name="testNGScripts.LoginWithParam" time="8.343" errors="0" timestamp="2022-06-01T08:17:06 IST" skipped="0">
  <testcase classname="testNGScripts.LoginWithParam" name="LoginTC" time="8.343"/>
  <system-out/>
</testsuite> <!-- testNGScripts.LoginWithParam -->
