<?xml version="1.0" encoding="UTF-8"?>
<!-- Generated by org.testng.reporters.JUnitReportReporter -->
<testsuite hostname="DELLi310GEN" failures="0" tests="3" name="testNGScripts.Test1" time="0.015" errors="0" timestamp="2022-05-30T08:37:11 IST" skipped="0">
  <testcase classname="testNGScripts.Test1" name="TestCase_3" time="0.005"/>
  <system-out/>
  <testcase classname="testNGScripts.Test1" name="TestCase_1" time="0.003"/>
  <system-out/>
  <testcase classname="testNGScripts.Test1" name="TestCase_2" time="0.007"/>
  <system-out/>
</testsuite> <!-- testNGScripts.Test1 -->
