<?xml version="1.0" encoding="UTF-8"?>
<!-- Generated by org.testng.reporters.JUnitReportReporter -->
<testsuite hostname="DELLi310GEN" failures="0" tests="1" name="testNGScripts.StockItemsModule" time="14.811" errors="0" timestamp="2022-06-02T08:57:13 IST" skipped="0">
  <testcase classname="testNGScripts.StockItemsModule" name="TC9_Verify_admin_user_is_able_to_create_new_stockItem" time="14.811"/>
  <system-out/>
</testsuite> <!-- testNGScripts.StockItemsModule -->
